[9.046s] DEBUG:colcon:Command line arguments: ['/usr/bin/colcon', 'build', '--symlink-install']
[9.048s] DEBUG:colcon:Parsed command line arguments: Namespace(log_base=None, log_level=None, verb_name='build', build_base='build', install_base='install', merge_install=False, symlink_install=True, test_result_base=None, continue_on_error=False, executor='parallel', parallel_workers=4, event_handlers=None, ignore_user_meta=False, metas=['./colcon.meta'], base_paths=['.'], packages_ignore=None, packages_ignore_regex=None, paths=None, packages_up_to=None, packages_up_to_regex=None, packages_above=None, packages_above_and_dependencies=None, packages_above_depth=None, packages_select_by_dep=None, packages_skip_by_dep=None, packages_skip_up_to=None, packages_select_build_failed=False, packages_skip_build_finished=False, packages_select_test_failures=False, packages_skip_test_passed=False, packages_select=None, packages_skip=None, packages_select_regex=None, packages_skip_regex=None, packages_start=None, packages_end=None, allow_overriding=[], cmake_args=None, cmake_target=None, cmake_target_skip_unavailable=False, cmake_clean_cache=False, cmake_clean_first=False, cmake_force_configure=False, ament_cmake_args=None, catkin_cmake_args=None, catkin_skip_building_tests=False, mixin_files=None, mixin=None, verb_parser=<colcon_mixin.mixin.mixin_argument.MixinArgumentDecorator object at 0xffff916983d0>, verb_extension=<colcon_core.verb.build.BuildVerb object at 0xffff917b1270>, main=<bound method BuildVerb.main of <colcon_core.verb.build.BuildVerb object at 0xffff917b1270>>, mixin_verb=('build',))
[20.249s] Level 1:colcon.colcon_core.package_discovery:discover_packages(colcon_meta) check parameters
[20.252s] Level 1:colcon.colcon_core.package_discovery:discover_packages(recursive) check parameters
[20.253s] Level 1:colcon.colcon_core.package_discovery:discover_packages(ignore) check parameters
[20.253s] Level 1:colcon.colcon_core.package_discovery:discover_packages(path) check parameters
[20.254s] Level 1:colcon.colcon_core.package_discovery:discover_packages(colcon_meta) discover
[20.256s] Level 1:colcon.colcon_core.package_discovery:discover_packages(recursive) discover
[20.256s] INFO:colcon.colcon_core.package_discovery:Crawling recursively for packages in '/home/irs/Final/lidardata'
[20.258s] Level 1:colcon.colcon_core.package_identification:_identify(.) by extensions ['ignore', 'ignore_ament_install']
[20.259s] Level 1:colcon.colcon_core.package_identification:_identify(.) by extension 'ignore'
[20.260s] Level 1:colcon.colcon_core.package_identification:_identify(.) by extension 'ignore_ament_install'
[20.262s] Level 1:colcon.colcon_core.package_identification:_identify(.) by extensions ['colcon_pkg']
[20.262s] Level 1:colcon.colcon_core.package_identification:_identify(.) by extension 'colcon_pkg'
[20.263s] Level 1:colcon.colcon_core.package_identification:_identify(.) by extensions ['colcon_meta']
[20.264s] Level 1:colcon.colcon_core.package_identification:_identify(.) by extension 'colcon_meta'
[20.265s] Level 1:colcon.colcon_core.package_identification:_identify(.) by extensions ['ros']
[20.265s] Level 1:colcon.colcon_core.package_identification:_identify(.) by extension 'ros'
[20.459s] Level 1:colcon.colcon_core.package_identification:_identify(.) by extensions ['cmake', 'python']
[20.460s] Level 1:colcon.colcon_core.package_identification:_identify(.) by extension 'cmake'
[20.461s] Level 1:colcon.colcon_core.package_identification:_identify(.) by extension 'python'
[20.462s] Level 1:colcon.colcon_core.package_identification:_identify(.) by extensions ['python_setup_py']
[20.462s] Level 1:colcon.colcon_core.package_identification:_identify(.) by extension 'python_setup_py'
[20.464s] Level 1:colcon.colcon_core.package_identification:_identify(build) by extensions ['ignore', 'ignore_ament_install']
[20.466s] Level 1:colcon.colcon_core.package_identification:_identify(build) by extension 'ignore'
[20.467s] Level 1:colcon.colcon_core.package_identification:_identify(build) ignored
[20.469s] Level 1:colcon.colcon_core.package_identification:_identify(install) by extensions ['ignore', 'ignore_ament_install']
[20.470s] Level 1:colcon.colcon_core.package_identification:_identify(install) by extension 'ignore'
[20.471s] Level 1:colcon.colcon_core.package_identification:_identify(install) ignored
[20.473s] Level 1:colcon.colcon_core.package_identification:_identify(log) by extensions ['ignore', 'ignore_ament_install']
[20.474s] Level 1:colcon.colcon_core.package_identification:_identify(log) by extension 'ignore'
[20.475s] Level 1:colcon.colcon_core.package_identification:_identify(log) ignored
[20.475s] Level 1:colcon.colcon_core.package_discovery:discover_packages(recursive) using defaults
[20.476s] Level 1:colcon.colcon_core.package_discovery:discover_packages(ignore) discover
[20.477s] Level 1:colcon.colcon_core.package_discovery:discover_packages(ignore) using defaults
[20.477s] Level 1:colcon.colcon_core.package_discovery:discover_packages(path) discover
[20.478s] Level 1:colcon.colcon_core.package_discovery:discover_packages(path) using defaults
[20.866s] Level 1:colcon.colcon_core.package_discovery:discover_packages(prefix_path) check parameters
[20.866s] Level 1:colcon.colcon_core.package_discovery:discover_packages(prefix_path) discover
[20.927s] DEBUG:colcon.colcon_installed_package_information.package_discovery:Found 1 installed packages in /home/irs/ldlidar_ros2_ws/install
[20.951s] DEBUG:colcon.colcon_installed_package_information.package_discovery:Found 180 installed packages in /opt/ros/humble
[20.964s] Level 1:colcon.colcon_core.package_discovery:discover_packages(prefix_path) using defaults
[21.970s] INFO:colcon.colcon_core.executor:Executing jobs using 'parallel' executor
[21.993s] DEBUG:colcon.colcon_parallel_executor.executor.parallel:run_until_complete
[21.994s] DEBUG:colcon.colcon_parallel_executor.executor.parallel:closing loop
[21.995s] DEBUG:colcon.colcon_parallel_executor.executor.parallel:loop closed
[21.996s] DEBUG:colcon.colcon_parallel_executor.executor.parallel:run_until_complete finished with '0'
[21.997s] DEBUG:colcon.colcon_core.event_reactor:joining thread
[22.181s] INFO:colcon.colcon_core.plugin_system:Skipping extension 'colcon_notification.desktop_notification.terminal_notifier': Not used on non-Darwin systems
[22.183s] INFO:colcon.colcon_core.plugin_system:Skipping extension 'colcon_notification.desktop_notification.win32': Not used on non-Windows systems
[22.184s] INFO:colcon.colcon_notification.desktop_notification:Sending desktop notification using 'notify2'
[25.636s] DEBUG:colcon.colcon_core.event_reactor:joined thread
[25.690s] INFO:colcon.colcon_core.plugin_system:Skipping extension 'colcon_core.shell.bat': Not used on non-Windows systems
[25.694s] INFO:colcon.colcon_core.shell:Creating prefix script '/home/irs/Final/lidardata/install/local_setup.ps1'
[25.714s] INFO:colcon.colcon_core.shell:Creating prefix util module '/home/irs/Final/lidardata/install/_local_setup_util_ps1.py'
[25.749s] INFO:colcon.colcon_core.shell:Creating prefix chain script '/home/irs/Final/lidardata/install/setup.ps1'
[25.762s] INFO:colcon.colcon_core.shell:Creating prefix script '/home/irs/Final/lidardata/install/local_setup.sh'
[25.774s] INFO:colcon.colcon_core.shell:Creating prefix util module '/home/irs/Final/lidardata/install/_local_setup_util_sh.py'
[25.781s] INFO:colcon.colcon_core.shell:Creating prefix chain script '/home/irs/Final/lidardata/install/setup.sh'
[25.794s] INFO:colcon.colcon_core.shell:Creating prefix script '/home/irs/Final/lidardata/install/local_setup.bash'
[25.802s] INFO:colcon.colcon_core.shell:Creating prefix chain script '/home/irs/Final/lidardata/install/setup.bash'
[25.815s] INFO:colcon.colcon_core.shell:Creating prefix script '/home/irs/Final/lidardata/install/local_setup.zsh'
[25.823s] INFO:colcon.colcon_core.shell:Creating prefix chain script '/home/irs/Final/lidardata/install/setup.zsh'
