[2.742s] DEBUG:colcon:Command line arguments: ['/usr/bin/colcon', 'build']
[2.743s] DEBUG:colcon:Parsed command line arguments: Namespace(log_base=None, log_level=None, verb_name='build', build_base='build', install_base='install', merge_install=False, symlink_install=False, test_result_base=None, continue_on_error=False, executor='parallel', parallel_workers=4, event_handlers=None, ignore_user_meta=False, metas=['./colcon.meta'], base_paths=['.'], packages_ignore=None, packages_ignore_regex=None, paths=None, packages_up_to=None, packages_up_to_regex=None, packages_above=None, packages_above_and_dependencies=None, packages_above_depth=None, packages_select_by_dep=None, packages_skip_by_dep=None, packages_skip_up_to=None, packages_select_build_failed=False, packages_skip_build_finished=False, packages_select_test_failures=False, packages_skip_test_passed=False, packages_select=None, packages_skip=None, packages_select_regex=None, packages_skip_regex=None, packages_start=None, packages_end=None, allow_overriding=[], cmake_args=None, cmake_target=None, cmake_target_skip_unavailable=False, cmake_clean_cache=False, cmake_clean_first=False, cmake_force_configure=False, ament_cmake_args=None, catkin_cmake_args=None, catkin_skip_building_tests=False, mixin_files=None, mixin=None, verb_parser=<colcon_mixin.mixin.mixin_argument.MixinArgumentDecorator object at 0xffffa8f903d0>, verb_extension=<colcon_core.verb.build.BuildVerb object at 0xffffa90ad270>, main=<bound method BuildVerb.main of <colcon_core.verb.build.BuildVerb object at 0xffffa90ad270>>, mixin_verb=('build',))
[5.508s] Level 1:colcon.colcon_core.package_discovery:discover_packages(colcon_meta) check parameters
[5.510s] Level 1:colcon.colcon_core.package_discovery:discover_packages(recursive) check parameters
[5.510s] Level 1:colcon.colcon_core.package_discovery:discover_packages(ignore) check parameters
[5.510s] Level 1:colcon.colcon_core.package_discovery:discover_packages(path) check parameters
[5.511s] Level 1:colcon.colcon_core.package_discovery:discover_packages(colcon_meta) discover
[5.511s] Level 1:colcon.colcon_core.package_discovery:discover_packages(recursive) discover
[5.512s] INFO:colcon.colcon_core.package_discovery:Crawling recursively for packages in '/home/irs/Final/lidardata'
[5.512s] Level 1:colcon.colcon_core.package_identification:_identify(.) by extensions ['ignore', 'ignore_ament_install']
[5.513s] Level 1:colcon.colcon_core.package_identification:_identify(.) by extension 'ignore'
[5.514s] Level 1:colcon.colcon_core.package_identification:_identify(.) by extension 'ignore_ament_install'
[5.515s] Level 1:colcon.colcon_core.package_identification:_identify(.) by extensions ['colcon_pkg']
[5.515s] Level 1:colcon.colcon_core.package_identification:_identify(.) by extension 'colcon_pkg'
[5.515s] Level 1:colcon.colcon_core.package_identification:_identify(.) by extensions ['colcon_meta']
[5.516s] Level 1:colcon.colcon_core.package_identification:_identify(.) by extension 'colcon_meta'
[5.516s] Level 1:colcon.colcon_core.package_identification:_identify(.) by extensions ['ros']
[5.516s] Level 1:colcon.colcon_core.package_identification:_identify(.) by extension 'ros'
[5.663s] Level 1:colcon.colcon_core.package_identification:_identify(.) by extensions ['cmake', 'python']
[5.664s] Level 1:colcon.colcon_core.package_identification:_identify(.) by extension 'cmake'
[5.664s] Level 1:colcon.colcon_core.package_identification:_identify(.) by extension 'python'
[5.665s] Level 1:colcon.colcon_core.package_identification:_identify(.) by extensions ['python_setup_py']
[5.665s] Level 1:colcon.colcon_core.package_identification:_identify(.) by extension 'python_setup_py'
[5.666s] Level 1:colcon.colcon_core.package_identification:_identify(build) by extensions ['ignore', 'ignore_ament_install']
[5.667s] Level 1:colcon.colcon_core.package_identification:_identify(build) by extension 'ignore'
[5.667s] Level 1:colcon.colcon_core.package_identification:_identify(build) ignored
[5.669s] Level 1:colcon.colcon_core.package_identification:_identify(install) by extensions ['ignore', 'ignore_ament_install']
[5.670s] Level 1:colcon.colcon_core.package_identification:_identify(install) by extension 'ignore'
[5.670s] Level 1:colcon.colcon_core.package_identification:_identify(install) ignored
[5.671s] Level 1:colcon.colcon_core.package_identification:_identify(log) by extensions ['ignore', 'ignore_ament_install']
[5.672s] Level 1:colcon.colcon_core.package_identification:_identify(log) by extension 'ignore'
[5.672s] Level 1:colcon.colcon_core.package_identification:_identify(log) ignored
[5.672s] Level 1:colcon.colcon_core.package_discovery:discover_packages(recursive) using defaults
[5.673s] Level 1:colcon.colcon_core.package_discovery:discover_packages(ignore) discover
[5.673s] Level 1:colcon.colcon_core.package_discovery:discover_packages(ignore) using defaults
[5.674s] Level 1:colcon.colcon_core.package_discovery:discover_packages(path) discover
[5.674s] Level 1:colcon.colcon_core.package_discovery:discover_packages(path) using defaults
[5.952s] Level 1:colcon.colcon_core.package_discovery:discover_packages(prefix_path) check parameters
[5.952s] Level 1:colcon.colcon_core.package_discovery:discover_packages(prefix_path) discover
[5.983s] DEBUG:colcon.colcon_installed_package_information.package_discovery:Found 1 installed packages in /home/irs/ldlidar_ros2_ws/install
[5.998s] DEBUG:colcon.colcon_installed_package_information.package_discovery:Found 180 installed packages in /opt/ros/humble
[6.010s] Level 1:colcon.colcon_core.package_discovery:discover_packages(prefix_path) using defaults
[6.414s] INFO:colcon.colcon_core.executor:Executing jobs using 'parallel' executor
[6.421s] DEBUG:colcon.colcon_parallel_executor.executor.parallel:run_until_complete
[6.422s] DEBUG:colcon.colcon_parallel_executor.executor.parallel:closing loop
[6.423s] DEBUG:colcon.colcon_parallel_executor.executor.parallel:loop closed
[6.424s] DEBUG:colcon.colcon_parallel_executor.executor.parallel:run_until_complete finished with '0'
[6.425s] DEBUG:colcon.colcon_core.event_reactor:joining thread
[6.528s] INFO:colcon.colcon_core.plugin_system:Skipping extension 'colcon_notification.desktop_notification.terminal_notifier': Not used on non-Darwin systems
[6.529s] INFO:colcon.colcon_core.plugin_system:Skipping extension 'colcon_notification.desktop_notification.win32': Not used on non-Windows systems
[6.530s] INFO:colcon.colcon_notification.desktop_notification:Sending desktop notification using 'notify2'
[9.265s] DEBUG:colcon.colcon_core.event_reactor:joined thread
[9.352s] INFO:colcon.colcon_core.plugin_system:Skipping extension 'colcon_core.shell.bat': Not used on non-Windows systems
[9.356s] INFO:colcon.colcon_core.shell:Creating prefix script '/home/irs/Final/lidardata/install/local_setup.ps1'
[9.376s] INFO:colcon.colcon_core.shell:Creating prefix util module '/home/irs/Final/lidardata/install/_local_setup_util_ps1.py'
[9.395s] INFO:colcon.colcon_core.shell:Creating prefix chain script '/home/irs/Final/lidardata/install/setup.ps1'
[9.408s] INFO:colcon.colcon_core.shell:Creating prefix script '/home/irs/Final/lidardata/install/local_setup.sh'
[9.420s] INFO:colcon.colcon_core.shell:Creating prefix util module '/home/irs/Final/lidardata/install/_local_setup_util_sh.py'
[9.427s] INFO:colcon.colcon_core.shell:Creating prefix chain script '/home/irs/Final/lidardata/install/setup.sh'
[9.440s] INFO:colcon.colcon_core.shell:Creating prefix script '/home/irs/Final/lidardata/install/local_setup.bash'
[9.456s] INFO:colcon.colcon_core.shell:Creating prefix chain script '/home/irs/Final/lidardata/install/setup.bash'
[9.469s] INFO:colcon.colcon_core.shell:Creating prefix script '/home/irs/Final/lidardata/install/local_setup.zsh'
[9.482s] INFO:colcon.colcon_core.shell:Creating prefix chain script '/home/irs/Final/lidardata/install/setup.zsh'
